time="2020-08-17T13:25:38-04:00" level=debug msg="OpenShift Installer 4.4.3"
time="2020-08-17T13:25:38-04:00" level=debug msg="Built from commit 78b817ceb7657f81176bbe182cc6efc73004c841"
time="2020-08-17T13:25:38-04:00" level=info msg="Credentials loaded from the \"default\" profile in file \"/home/rspazzol/.aws/credentials\""
time="2020-08-17T13:25:38-04:00" level=debug msg="search for and delete matching instances by tag matching aws.Filter{\"kubernetes.io/cluster/control-cluster-raffa-9d88p\":\"owned\"}"
time="2020-08-17T13:25:39-04:00" level=info msg=Disassociated instance=i-04d77b873bd2fdd8c name=control-cluster-raffa-9d88p-master-profile role=control-cluster-raffa-9d88p-master-role
time="2020-08-17T13:25:39-04:00" level=info msg=Deleted InstanceProfileName=control-cluster-raffa-9d88p-master-profile arn="arn:aws:iam::057130115370:instance-profile/control-cluster-raffa-9d88p-master-profile" instance=i-04d77b873bd2fdd8c
time="2020-08-17T13:25:39-04:00" level=info msg=Terminating instance=i-04d77b873bd2fdd8c
time="2020-08-17T13:25:39-04:00" level=info msg=Disassociated instance=i-033981f508f0fb2d2 name=control-cluster-raffa-9d88p-worker-profile role=control-cluster-raffa-9d88p-worker-role
time="2020-08-17T13:25:39-04:00" level=info msg=Deleted InstanceProfileName=control-cluster-raffa-9d88p-worker-profile arn="arn:aws:iam::057130115370:instance-profile/control-cluster-raffa-9d88p-worker-profile" instance=i-033981f508f0fb2d2
time="2020-08-17T13:25:39-04:00" level=info msg=Terminating instance=i-033981f508f0fb2d2
time="2020-08-17T13:25:40-04:00" level=info msg=Terminating instance=i-075499d013b6cae25
time="2020-08-17T13:25:40-04:00" level=info msg=Terminating instance=i-06d345ef07651a0c8
time="2020-08-17T13:25:40-04:00" level=info msg=Terminating instance=i-0bf7b2f042f4eb92b
time="2020-08-17T13:25:40-04:00" level=info msg=Terminating instance=i-0941c692c7cfaebfa
time="2020-08-17T13:25:40-04:00" level=info msg=Terminating instance=i-0c698bf13d11e77bb
time="2020-08-17T13:25:41-04:00" level=info msg=Terminating instance=i-08e394f3fc9fdb887
time="2020-08-17T13:25:41-04:00" level=info msg=Terminating instance=i-02fbfe90a03b58a28
time="2020-08-17T13:25:41-04:00" level=info msg=Terminating instance=i-05e4dbfd06758bdbb
time="2020-08-17T13:25:41-04:00" level=info msg=Terminating instance=i-06bc283a17be1c5b3
time="2020-08-17T13:25:51-04:00" level=debug msg="search for and delete matching instances by tag matching aws.Filter{\"kubernetes.io/cluster/control-cluster-raffa-9d88p\":\"owned\"}"
time="2020-08-17T13:26:01-04:00" level=debug msg="search for and delete matching instances by tag matching aws.Filter{\"kubernetes.io/cluster/control-cluster-raffa-9d88p\":\"owned\"}"
time="2020-08-17T13:26:02-04:00" level=debug msg=Terminated instance=i-0bf7b2f042f4eb92b
time="2020-08-17T13:26:02-04:00" level=debug msg=Terminated instance=i-02fbfe90a03b58a28
time="2020-08-17T13:26:11-04:00" level=debug msg="search for and delete matching instances by tag matching aws.Filter{\"kubernetes.io/cluster/control-cluster-raffa-9d88p\":\"owned\"}"
time="2020-08-17T13:26:21-04:00" level=debug msg="search for and delete matching instances by tag matching aws.Filter{\"kubernetes.io/cluster/control-cluster-raffa-9d88p\":\"owned\"}"
time="2020-08-17T13:26:31-04:00" level=debug msg="search for and delete matching instances by tag matching aws.Filter{\"kubernetes.io/cluster/control-cluster-raffa-9d88p\":\"owned\"}"
time="2020-08-17T13:26:32-04:00" level=debug msg=Terminated instance=i-033981f508f0fb2d2
time="2020-08-17T13:26:41-04:00" level=debug msg="search for and delete matching instances by tag matching aws.Filter{\"kubernetes.io/cluster/control-cluster-raffa-9d88p\":\"owned\"}"
time="2020-08-17T13:26:42-04:00" level=debug msg=Terminated instance=i-06bc283a17be1c5b3
time="2020-08-17T13:26:51-04:00" level=debug msg="search for and delete matching instances by tag matching aws.Filter{\"kubernetes.io/cluster/control-cluster-raffa-9d88p\":\"owned\"}"
time="2020-08-17T13:26:52-04:00" level=debug msg=Terminated instance=i-04d77b873bd2fdd8c
time="2020-08-17T13:26:52-04:00" level=debug msg=Terminated instance=i-0941c692c7cfaebfa
time="2020-08-17T13:26:52-04:00" level=debug msg=Terminated instance=i-08e394f3fc9fdb887
time="2020-08-17T13:27:01-04:00" level=debug msg="search for and delete matching instances by tag matching aws.Filter{\"kubernetes.io/cluster/control-cluster-raffa-9d88p\":\"owned\"}"
time="2020-08-17T13:27:02-04:00" level=debug msg=Terminated instance=i-075499d013b6cae25
time="2020-08-17T13:27:02-04:00" level=debug msg=Terminated instance=i-05e4dbfd06758bdbb
time="2020-08-17T13:27:11-04:00" level=debug msg="search for and delete matching instances by tag matching aws.Filter{\"kubernetes.io/cluster/control-cluster-raffa-9d88p\":\"owned\"}"
time="2020-08-17T13:27:21-04:00" level=debug msg="search for and delete matching instances by tag matching aws.Filter{\"kubernetes.io/cluster/control-cluster-raffa-9d88p\":\"owned\"}"
time="2020-08-17T13:27:31-04:00" level=debug msg="search for and delete matching instances by tag matching aws.Filter{\"kubernetes.io/cluster/control-cluster-raffa-9d88p\":\"owned\"}"
time="2020-08-17T13:27:32-04:00" level=debug msg=Terminated instance=i-06d345ef07651a0c8
time="2020-08-17T13:27:41-04:00" level=debug msg="search for and delete matching instances by tag matching aws.Filter{\"kubernetes.io/cluster/control-cluster-raffa-9d88p\":\"owned\"}"
time="2020-08-17T13:27:42-04:00" level=debug msg=Terminated instance=i-0c698bf13d11e77bb
time="2020-08-17T13:27:42-04:00" level=debug msg="search for and delete matching resources by tag in us-west-2 matching aws.Filter{\"kubernetes.io/cluster/control-cluster-raffa-9d88p\":\"owned\"}"
time="2020-08-17T13:27:42-04:00" level=debug msg="DependencyViolation: The dhcpOptions 'dopt-07b6b7919a2aced77' has dependencies and cannot be deleted.\n\tstatus code: 400, request id: d2e6b5c9-3801-49b7-b4d4-fe3d309ce94a" arn="arn:aws:ec2:us-west-2:057130115370:dhcp-options/dopt-07b6b7919a2aced77"
time="2020-08-17T13:27:43-04:00" level=debug msg="AuthFailure: You do not have permission to access the specified resource.\n\tstatus code: 400, request id: 26800408-5862-4aef-8423-aa3b86e49be1" arn="arn:aws:ec2:us-west-2:057130115370:elastic-ip/eipalloc-0031b33079892731e"
time="2020-08-17T13:27:44-04:00" level=debug msg="AuthFailure: You do not have permission to access the specified resource.\n\tstatus code: 400, request id: 2c3e8bfb-3489-4aa0-aa77-ff211acf6299" arn="arn:aws:ec2:us-west-2:057130115370:elastic-ip/eipalloc-0ecfedc2b9deb4517"
time="2020-08-17T13:27:44-04:00" level=debug msg="AuthFailure: You do not have permission to access the specified resource.\n\tstatus code: 400, request id: 0ce12bb0-a827-43da-b54e-80a142733f67" arn="arn:aws:ec2:us-west-2:057130115370:elastic-ip/eipalloc-0f7e6926e0810ba63"
time="2020-08-17T13:27:45-04:00" level=debug msg="AuthFailure: You do not have permission to access the specified resource.\n\tstatus code: 400, request id: 0ed01871-9f13-46c9-8dd2-13db4c65777e" arn="arn:aws:ec2:us-west-2:057130115370:elastic-ip/eipalloc-06e79c01a6353873d"
time="2020-08-17T13:27:47-04:00" level=info msg=Deleted arn="arn:aws:ec2:us-west-2:057130115370:image/ami-0b1c4c618664ebe45" id=ami-0b1c4c618664ebe45
time="2020-08-17T13:27:48-04:00" level=debug msg="detaching from vpc-02a986b2604c6087a: DependencyViolation: Network vpc-02a986b2604c6087a has some mapped public address(es). Please unmap those public address(es) before detaching the gateway.\n\tstatus code: 400, request id: 1c8d91c3-5727-4a01-829c-0d738f51166a" arn="arn:aws:ec2:us-west-2:057130115370:internet-gateway/igw-0910ac20e5335590e"
time="2020-08-17T13:27:48-04:00" level=info msg=Deleted arn="arn:aws:ec2:us-west-2:057130115370:natgateway/nat-078f482c8878b1e7c" id=nat-078f482c8878b1e7c
time="2020-08-17T13:27:48-04:00" level=info msg=Deleted arn="arn:aws:ec2:us-west-2:057130115370:natgateway/nat-0b17334ef8131ed61" id=nat-0b17334ef8131ed61
time="2020-08-17T13:27:49-04:00" level=info msg=Deleted arn="arn:aws:ec2:us-west-2:057130115370:natgateway/nat-02c0ceb199bc1f86e" id=nat-02c0ceb199bc1f86e
time="2020-08-17T13:27:49-04:00" level=info msg=Deleted arn="arn:aws:ec2:us-west-2:057130115370:natgateway/nat-09b43d34cabbed46c" id=nat-09b43d34cabbed46c
time="2020-08-17T13:27:49-04:00" level=info msg=Deleted arn="arn:aws:ec2:us-west-2:057130115370:network-interface/eni-011d56d19f669fd95" id=eni-011d56d19f669fd95
time="2020-08-17T13:27:50-04:00" level=info msg=Deleted arn="arn:aws:ec2:us-west-2:057130115370:network-interface/eni-035aa5a9956092271" id=eni-035aa5a9956092271
time="2020-08-17T13:27:50-04:00" level=info msg=Deleted arn="arn:aws:ec2:us-west-2:057130115370:network-interface/eni-0a99406583575abc2" id=eni-0a99406583575abc2
time="2020-08-17T13:27:51-04:00" level=info msg=Disassociated arn="arn:aws:ec2:us-west-2:057130115370:route-table/rtb-058a3172441d39ea1" id=rtbassoc-021eb7eace933dc32
time="2020-08-17T13:27:51-04:00" level=info msg=Deleted arn="arn:aws:ec2:us-west-2:057130115370:route-table/rtb-058a3172441d39ea1" id=rtb-058a3172441d39ea1
time="2020-08-17T13:27:51-04:00" level=info msg=Disassociated arn="arn:aws:ec2:us-west-2:057130115370:route-table/rtb-05540079138e61f0c" id=rtbassoc-0b5e5fea254293230
time="2020-08-17T13:27:51-04:00" level=info msg=Disassociated arn="arn:aws:ec2:us-west-2:057130115370:route-table/rtb-05540079138e61f0c" id=rtbassoc-0d805377d1ee83ec4
time="2020-08-17T13:27:52-04:00" level=info msg=Disassociated arn="arn:aws:ec2:us-west-2:057130115370:route-table/rtb-05540079138e61f0c" id=rtbassoc-0445b257c23be76bf
time="2020-08-17T13:27:52-04:00" level=info msg=Disassociated arn="arn:aws:ec2:us-west-2:057130115370:route-table/rtb-05540079138e61f0c" id=rtbassoc-05ef1ca2cb1af8ee9
time="2020-08-17T13:27:52-04:00" level=info msg=Disassociated arn="arn:aws:ec2:us-west-2:057130115370:route-table/rtb-08061230ca4850cdd" id=rtbassoc-0913967cc9154ba53
time="2020-08-17T13:27:53-04:00" level=info msg=Deleted arn="arn:aws:ec2:us-west-2:057130115370:route-table/rtb-08061230ca4850cdd" id=rtb-08061230ca4850cdd
time="2020-08-17T13:27:53-04:00" level=info msg=Disassociated arn="arn:aws:ec2:us-west-2:057130115370:route-table/rtb-046ed8d76d1da2ff1" id=rtbassoc-0d9f772ed6701ba5a
time="2020-08-17T13:27:53-04:00" level=info msg=Deleted arn="arn:aws:ec2:us-west-2:057130115370:route-table/rtb-046ed8d76d1da2ff1" id=rtb-046ed8d76d1da2ff1
time="2020-08-17T13:27:53-04:00" level=info msg=Disassociated arn="arn:aws:ec2:us-west-2:057130115370:route-table/rtb-0193b324b77dc4006" id=rtbassoc-088f165358034c7cb
time="2020-08-17T13:27:54-04:00" level=info msg=Deleted arn="arn:aws:ec2:us-west-2:057130115370:route-table/rtb-0193b324b77dc4006" id=rtb-0193b324b77dc4006
time="2020-08-17T13:27:54-04:00" level=debug msg="Revoked ingress permissions" arn="arn:aws:ec2:us-west-2:057130115370:security-group/sg-01229a9f5ac6aa392" id=sg-01229a9f5ac6aa392
time="2020-08-17T13:27:54-04:00" level=debug msg="Revoked egress permissions" arn="arn:aws:ec2:us-west-2:057130115370:security-group/sg-01229a9f5ac6aa392" id=sg-01229a9f5ac6aa392
time="2020-08-17T13:27:55-04:00" level=debug msg="DependencyViolation: resource sg-01229a9f5ac6aa392 has a dependent object\n\tstatus code: 400, request id: aa65c37f-c5bc-46d1-8e3f-c51eb7f5a6d4" arn="arn:aws:ec2:us-west-2:057130115370:security-group/sg-01229a9f5ac6aa392"
time="2020-08-17T13:27:55-04:00" level=debug msg="Revoked ingress permissions" arn="arn:aws:ec2:us-west-2:057130115370:security-group/sg-046d7be960f91d00e" id=sg-046d7be960f91d00e
time="2020-08-17T13:27:56-04:00" level=debug msg="Revoked egress permissions" arn="arn:aws:ec2:us-west-2:057130115370:security-group/sg-046d7be960f91d00e" id=sg-046d7be960f91d00e
time="2020-08-17T13:27:56-04:00" level=debug msg="DependencyViolation: resource sg-046d7be960f91d00e has a dependent object\n\tstatus code: 400, request id: 7e67f139-6cd9-4482-b951-4c10b0a37fd6" arn="arn:aws:ec2:us-west-2:057130115370:security-group/sg-046d7be960f91d00e"
time="2020-08-17T13:27:57-04:00" level=debug msg="Revoked ingress permissions" arn="arn:aws:ec2:us-west-2:057130115370:security-group/sg-0b8c10b265913fbd8" id=sg-0b8c10b265913fbd8
time="2020-08-17T13:27:57-04:00" level=debug msg="Revoked egress permissions" arn="arn:aws:ec2:us-west-2:057130115370:security-group/sg-0b8c10b265913fbd8" id=sg-0b8c10b265913fbd8
time="2020-08-17T13:27:57-04:00" level=info msg=Deleted arn="arn:aws:ec2:us-west-2:057130115370:security-group/sg-0b8c10b265913fbd8" id=sg-0b8c10b265913fbd8
time="2020-08-17T13:27:58-04:00" level=debug msg="DependencyViolation: The subnet 'subnet-0477d1dd5dbbbad0d' has dependencies and cannot be deleted.\n\tstatus code: 400, request id: 20088f84-5cbc-48c5-8bee-165e628f20d3" arn="arn:aws:ec2:us-west-2:057130115370:subnet/subnet-0477d1dd5dbbbad0d"
time="2020-08-17T13:27:58-04:00" level=debug msg="DependencyViolation: The subnet 'subnet-0f4683167bab7b43c' has dependencies and cannot be deleted.\n\tstatus code: 400, request id: e025b8fb-a4f0-4c88-801a-bc432cdcdba1" arn="arn:aws:ec2:us-west-2:057130115370:subnet/subnet-0f4683167bab7b43c"
time="2020-08-17T13:27:59-04:00" level=debug msg="DependencyViolation: The subnet 'subnet-06df9d22b81f4b27f' has dependencies and cannot be deleted.\n\tstatus code: 400, request id: 03d564a3-14f6-4265-b66d-c2ad44b1481b" arn="arn:aws:ec2:us-west-2:057130115370:subnet/subnet-06df9d22b81f4b27f"
time="2020-08-17T13:27:59-04:00" level=debug msg="DependencyViolation: The subnet 'subnet-05d31e9d530e61a56' has dependencies and cannot be deleted.\n\tstatus code: 400, request id: f6db08fd-59f9-4fc0-91e9-c990096729fb" arn="arn:aws:ec2:us-west-2:057130115370:subnet/subnet-05d31e9d530e61a56"
time="2020-08-17T13:28:00-04:00" level=debug msg="DependencyViolation: The subnet 'subnet-01b3ebe0bc5d90cb8' has dependencies and cannot be deleted.\n\tstatus code: 400, request id: b9f234f4-0f2d-4a08-becf-96dda3206a62" arn="arn:aws:ec2:us-west-2:057130115370:subnet/subnet-01b3ebe0bc5d90cb8"
time="2020-08-17T13:28:00-04:00" level=debug msg="DependencyViolation: The subnet 'subnet-094fcfba71f75318f' has dependencies and cannot be deleted.\n\tstatus code: 400, request id: f698cfa0-529d-4775-b314-408de05530bd" arn="arn:aws:ec2:us-west-2:057130115370:subnet/subnet-094fcfba71f75318f"
time="2020-08-17T13:28:01-04:00" level=debug msg="DependencyViolation: The subnet 'subnet-02043da40fc7b05a4' has dependencies and cannot be deleted.\n\tstatus code: 400, request id: 835b6b59-d324-4008-9764-4ed54ecf1225" arn="arn:aws:ec2:us-west-2:057130115370:subnet/subnet-02043da40fc7b05a4"
time="2020-08-17T13:28:02-04:00" level=debug msg="DependencyViolation: The subnet 'subnet-055c403c09aa0e373' has dependencies and cannot be deleted.\n\tstatus code: 400, request id: 02b4c3cc-89ad-4316-9525-0ee33cfd8de5" arn="arn:aws:ec2:us-west-2:057130115370:subnet/subnet-055c403c09aa0e373"
time="2020-08-17T13:28:07-04:00" level=info msg=Deleted arn="arn:aws:ec2:us-west-2:057130115370:vpc/vpc-02a986b2604c6087a" classic load balancer=a61cecf4fbaa240afa8b88020a772284 id=vpc-02a986b2604c6087a
time="2020-08-17T13:28:07-04:00" level=info msg=Deleted arn="arn:aws:ec2:us-west-2:057130115370:vpc/vpc-02a986b2604c6087a" id=vpc-02a986b2604c6087a load balancer=loadbalancer/net/control-cluster-raffa-9d88p-ext/ca22dc0dc6b98ed8
time="2020-08-17T13:28:07-04:00" level=info msg=Deleted arn="arn:aws:ec2:us-west-2:057130115370:vpc/vpc-02a986b2604c6087a" id=vpc-02a986b2604c6087a load balancer=loadbalancer/net/control-cluster-raffa-9d88p-int/ced1c04cd9c24829
time="2020-08-17T13:28:08-04:00" level=info msg=Deleted NAT gateway=nat-0b17334ef8131ed61 arn="arn:aws:ec2:us-west-2:057130115370:vpc/vpc-02a986b2604c6087a" id=vpc-02a986b2604c6087a
time="2020-08-17T13:28:08-04:00" level=info msg=Deleted NAT gateway=nat-02c0ceb199bc1f86e arn="arn:aws:ec2:us-west-2:057130115370:vpc/vpc-02a986b2604c6087a" id=vpc-02a986b2604c6087a
time="2020-08-17T13:28:08-04:00" level=info msg=Deleted NAT gateway=nat-078f482c8878b1e7c arn="arn:aws:ec2:us-west-2:057130115370:vpc/vpc-02a986b2604c6087a" id=vpc-02a986b2604c6087a
time="2020-08-17T13:28:09-04:00" level=info msg=Deleted NAT gateway=nat-09b43d34cabbed46c arn="arn:aws:ec2:us-west-2:057130115370:vpc/vpc-02a986b2604c6087a" id=vpc-02a986b2604c6087a
time="2020-08-17T13:28:09-04:00" level=debug msg="deleting EC2 network interface eni-0d47b51e30370f093: InvalidParameterValue: Network interface 'eni-0d47b51e30370f093' is currently in use.\n\tstatus code: 400, request id: ecb0f796-7c48-4a2a-ba23-af520b546a78" arn="arn:aws:ec2:us-west-2:057130115370:vpc/vpc-02a986b2604c6087a"
time="2020-08-17T13:28:09-04:00" level=info msg=Deleted arn="arn:aws:elasticloadbalancing:us-west-2:057130115370:loadbalancer/a61cecf4fbaa240afa8b88020a772284" id=a61cecf4fbaa240afa8b88020a772284
time="2020-08-17T13:28:09-04:00" level=info msg=Deleted arn="arn:aws:elasticloadbalancing:us-west-2:057130115370:loadbalancer/net/control-cluster-raffa-9d88p-ext/ca22dc0dc6b98ed8" id=net/control-cluster-raffa-9d88p-ext/ca22dc0dc6b98ed8
time="2020-08-17T13:28:10-04:00" level=info msg=Deleted arn="arn:aws:elasticloadbalancing:us-west-2:057130115370:loadbalancer/net/control-cluster-raffa-9d88p-int/ced1c04cd9c24829" id=net/control-cluster-raffa-9d88p-int/ced1c04cd9c24829
time="2020-08-17T13:28:10-04:00" level=info msg=Deleted arn="arn:aws:elasticloadbalancing:us-west-2:057130115370:targetgroup/control-cluster-raffa-9d88p-aext/38370bae3f10dea7" id=control-cluster-raffa-9d88p-aext/38370bae3f10dea7
time="2020-08-17T13:28:10-04:00" level=info msg=Deleted arn="arn:aws:elasticloadbalancing:us-west-2:057130115370:targetgroup/control-cluster-raffa-9d88p-aint/b467d70c3465f0f3" id=control-cluster-raffa-9d88p-aint/b467d70c3465f0f3
time="2020-08-17T13:28:10-04:00" level=info msg=Deleted arn="arn:aws:elasticloadbalancing:us-west-2:057130115370:targetgroup/control-cluster-raffa-9d88p-sint/3e82255da87d2108" id=control-cluster-raffa-9d88p-sint/3e82255da87d2108
time="2020-08-17T13:28:10-04:00" level=debug msg=Emptied arn="arn:aws:s3:::control-cluster-raffa-9d88p-image-registry-us-west-2-xduhretim"
time="2020-08-17T13:28:11-04:00" level=info msg=Deleted arn="arn:aws:s3:::control-cluster-raffa-9d88p-image-registry-us-west-2-xduhretim"
time="2020-08-17T13:28:11-04:00" level=debug msg="search for and delete matching resources by tag in us-east-1 matching aws.Filter{\"kubernetes.io/cluster/control-cluster-raffa-9d88p\":\"owned\"}"
time="2020-08-17T13:28:11-04:00" level=debug msg="listing AWS hosted zones \"control-cluster-raffa.demo.red-chesterfield.com.\" (page 0)" arn="arn:aws:route53:::hostedzone/Z024530218YVDOI1A5TCN" id=Z024530218YVDOI1A5TCN
time="2020-08-17T13:28:11-04:00" level=debug msg="listing AWS hosted zones \"demo.red-chesterfield.com.\" (page 0)" arn="arn:aws:route53:::hostedzone/Z024530218YVDOI1A5TCN" id=Z024530218YVDOI1A5TCN
time="2020-08-17T13:28:12-04:00" level=info msg=Deleted arn="arn:aws:route53:::hostedzone/Z024530218YVDOI1A5TCN" id=Z024530218YVDOI1A5TCN record set="A api-int.control-cluster-raffa.demo.red-chesterfield.com."
time="2020-08-17T13:28:13-04:00" level=info msg=Deleted arn="arn:aws:route53:::hostedzone/Z024530218YVDOI1A5TCN" id=Z024530218YVDOI1A5TCN public zone=/hostedzone/Z158N1W3LXEFES record set="A api.control-cluster-raffa.demo.red-chesterfield.com."
time="2020-08-17T13:28:13-04:00" level=info msg=Deleted arn="arn:aws:route53:::hostedzone/Z024530218YVDOI1A5TCN" id=Z024530218YVDOI1A5TCN record set="A api.control-cluster-raffa.demo.red-chesterfield.com."
time="2020-08-17T13:28:13-04:00" level=info msg=Deleted arn="arn:aws:route53:::hostedzone/Z024530218YVDOI1A5TCN" id=Z024530218YVDOI1A5TCN public zone=/hostedzone/Z158N1W3LXEFES record set="A \\052.apps.control-cluster-raffa.demo.red-chesterfield.com."
time="2020-08-17T13:28:14-04:00" level=info msg=Deleted arn="arn:aws:route53:::hostedzone/Z024530218YVDOI1A5TCN" id=Z024530218YVDOI1A5TCN record set="A \\052.apps.control-cluster-raffa.demo.red-chesterfield.com."
time="2020-08-17T13:28:14-04:00" level=info msg=Deleted arn="arn:aws:route53:::hostedzone/Z024530218YVDOI1A5TCN" id=Z024530218YVDOI1A5TCN
time="2020-08-17T13:28:14-04:00" level=debug msg="search for IAM roles"
time="2020-08-17T13:28:20-04:00" level=debug msg="search for IAM users"
time="2020-08-17T13:28:31-04:00" level=debug msg="delete IAM roles and users"
time="2020-08-17T13:28:31-04:00" level=info msg=Deleted arn="arn:aws:iam::057130115370:role/control-cluster-raffa-9d88p-master-role" id=control-cluster-raffa-9d88p-master-role name=control-cluster-raffa-9d88p-master-role policy=control-cluster-raffa-9d88p-master-policy
time="2020-08-17T13:28:31-04:00" level=info msg=Deleted arn="arn:aws:iam::057130115370:role/control-cluster-raffa-9d88p-master-role" id=control-cluster-raffa-9d88p-master-role name=control-cluster-raffa-9d88p-master-role
time="2020-08-17T13:28:31-04:00" level=info msg=Deleted arn="arn:aws:iam::057130115370:role/control-cluster-raffa-9d88p-worker-role" id=control-cluster-raffa-9d88p-worker-role name=control-cluster-raffa-9d88p-worker-role policy=control-cluster-raffa-9d88p-worker-policy
time="2020-08-17T13:28:31-04:00" level=info msg=Deleted arn="arn:aws:iam::057130115370:role/control-cluster-raffa-9d88p-worker-role" id=control-cluster-raffa-9d88p-worker-role name=control-cluster-raffa-9d88p-worker-role
time="2020-08-17T13:28:31-04:00" level=info msg=Deleted arn="arn:aws:iam::057130115370:user/control-cluster-raff-cloud-credential-operator-iam-ro-z5nk9" id=control-cluster-raff-cloud-credential-operator-iam-ro-z5nk9 policy=control-cluster-raff-cloud-credential-operator-iam-ro-z5nk9-policy
time="2020-08-17T13:28:31-04:00" level=info msg=Deleted arn="arn:aws:iam::057130115370:user/control-cluster-raff-cloud-credential-operator-iam-ro-z5nk9" id=control-cluster-raff-cloud-credential-operator-iam-ro-z5nk9
time="2020-08-17T13:28:31-04:00" level=info msg=Deleted arn="arn:aws:iam::057130115370:user/control-cluster-raff-openshift-image-registry-ssn2h" id=control-cluster-raff-openshift-image-registry-ssn2h policy=control-cluster-raff-openshift-image-registry-ssn2h-policy
time="2020-08-17T13:28:32-04:00" level=info msg=Deleted arn="arn:aws:iam::057130115370:user/control-cluster-raff-openshift-image-registry-ssn2h" id=control-cluster-raff-openshift-image-registry-ssn2h
time="2020-08-17T13:28:32-04:00" level=info msg=Deleted arn="arn:aws:iam::057130115370:user/control-cluster-raff-openshift-ingress-wtpcx" id=control-cluster-raff-openshift-ingress-wtpcx policy=control-cluster-raff-openshift-ingress-wtpcx-policy
time="2020-08-17T13:28:32-04:00" level=info msg=Deleted arn="arn:aws:iam::057130115370:user/control-cluster-raff-openshift-ingress-wtpcx" id=control-cluster-raff-openshift-ingress-wtpcx
time="2020-08-17T13:28:32-04:00" level=info msg=Deleted arn="arn:aws:iam::057130115370:user/control-cluster-raff-openshift-machine-api-aws-2lnqj" id=control-cluster-raff-openshift-machine-api-aws-2lnqj policy=control-cluster-raff-openshift-machine-api-aws-2lnqj-policy
time="2020-08-17T13:28:32-04:00" level=info msg=Deleted arn="arn:aws:iam::057130115370:user/control-cluster-raff-openshift-machine-api-aws-2lnqj" id=control-cluster-raff-openshift-machine-api-aws-2lnqj
time="2020-08-17T13:28:42-04:00" level=debug msg="search for and delete matching resources by tag in us-west-2 matching aws.Filter{\"kubernetes.io/cluster/control-cluster-raffa-9d88p\":\"owned\"}"
time="2020-08-17T13:28:43-04:00" level=debug msg="DependencyViolation: The dhcpOptions 'dopt-07b6b7919a2aced77' has dependencies and cannot be deleted.\n\tstatus code: 400, request id: 54e67d1f-9117-4fd2-8d8b-c8e56c3209b1" arn="arn:aws:ec2:us-west-2:057130115370:dhcp-options/dopt-07b6b7919a2aced77"
time="2020-08-17T13:28:44-04:00" level=debug msg="AuthFailure: You do not have permission to access the specified resource.\n\tstatus code: 400, request id: 935da53f-2570-4b78-9a6c-303b739a8e0f" arn="arn:aws:ec2:us-west-2:057130115370:elastic-ip/eipalloc-0031b33079892731e"
time="2020-08-17T13:28:44-04:00" level=info msg=Released arn="arn:aws:ec2:us-west-2:057130115370:elastic-ip/eipalloc-0ecfedc2b9deb4517" id=eipalloc-0ecfedc2b9deb4517
time="2020-08-17T13:28:45-04:00" level=debug msg="AuthFailure: You do not have permission to access the specified resource.\n\tstatus code: 400, request id: 63051026-7839-413b-8ceb-fa2d4d65be46" arn="arn:aws:ec2:us-west-2:057130115370:elastic-ip/eipalloc-0f7e6926e0810ba63"
time="2020-08-17T13:28:46-04:00" level=debug msg="AuthFailure: You do not have permission to access the specified resource.\n\tstatus code: 400, request id: 260874f8-3f0a-463c-a99b-32132b072571" arn="arn:aws:ec2:us-west-2:057130115370:elastic-ip/eipalloc-06e79c01a6353873d"
time="2020-08-17T13:28:46-04:00" level=debug msg="detaching from vpc-02a986b2604c6087a: DependencyViolation: Network vpc-02a986b2604c6087a has some mapped public address(es). Please unmap those public address(es) before detaching the gateway.\n\tstatus code: 400, request id: f5865c50-d0ff-471b-ad8f-7aee04f2218c" arn="arn:aws:ec2:us-west-2:057130115370:internet-gateway/igw-0910ac20e5335590e"
time="2020-08-17T13:28:47-04:00" level=info msg=Deleted arn="arn:aws:ec2:us-west-2:057130115370:security-group/sg-01229a9f5ac6aa392" id=sg-01229a9f5ac6aa392
time="2020-08-17T13:28:47-04:00" level=info msg=Deleted arn="arn:aws:ec2:us-west-2:057130115370:security-group/sg-046d7be960f91d00e" id=sg-046d7be960f91d00e
time="2020-08-17T13:28:48-04:00" level=info msg=Deleted arn="arn:aws:ec2:us-west-2:057130115370:snapshot/snap-05961f0526d0fa2f6" id=snap-05961f0526d0fa2f6
time="2020-08-17T13:28:48-04:00" level=info msg=Deleted arn="arn:aws:ec2:us-west-2:057130115370:subnet/subnet-0477d1dd5dbbbad0d" id=subnet-0477d1dd5dbbbad0d
time="2020-08-17T13:28:48-04:00" level=debug msg="DependencyViolation: The subnet 'subnet-0f4683167bab7b43c' has dependencies and cannot be deleted.\n\tstatus code: 400, request id: deda3080-dd74-4c2e-b0ca-ac30e0108297" arn="arn:aws:ec2:us-west-2:057130115370:subnet/subnet-0f4683167bab7b43c"
time="2020-08-17T13:28:49-04:00" level=debug msg="DependencyViolation: The subnet 'subnet-06df9d22b81f4b27f' has dependencies and cannot be deleted.\n\tstatus code: 400, request id: a92eb7fe-22b9-4483-b583-64d0f53f410c" arn="arn:aws:ec2:us-west-2:057130115370:subnet/subnet-06df9d22b81f4b27f"
time="2020-08-17T13:28:50-04:00" level=debug msg="DependencyViolation: The subnet 'subnet-05d31e9d530e61a56' has dependencies and cannot be deleted.\n\tstatus code: 400, request id: c6d315a9-e0ae-4013-86a3-4460b14b272c" arn="arn:aws:ec2:us-west-2:057130115370:subnet/subnet-05d31e9d530e61a56"
time="2020-08-17T13:28:50-04:00" level=debug msg="DependencyViolation: The subnet 'subnet-01b3ebe0bc5d90cb8' has dependencies and cannot be deleted.\n\tstatus code: 400, request id: 74ac547b-21f3-418a-b314-f847716813ee" arn="arn:aws:ec2:us-west-2:057130115370:subnet/subnet-01b3ebe0bc5d90cb8"
time="2020-08-17T13:28:51-04:00" level=debug msg="DependencyViolation: The subnet 'subnet-094fcfba71f75318f' has dependencies and cannot be deleted.\n\tstatus code: 400, request id: 883d38bc-c982-4b48-b00f-a055062e5f52" arn="arn:aws:ec2:us-west-2:057130115370:subnet/subnet-094fcfba71f75318f"
time="2020-08-17T13:28:51-04:00" level=debug msg="DependencyViolation: The subnet 'subnet-02043da40fc7b05a4' has dependencies and cannot be deleted.\n\tstatus code: 400, request id: cb41576f-5bd0-4c59-8460-597b6d1bd937" arn="arn:aws:ec2:us-west-2:057130115370:subnet/subnet-02043da40fc7b05a4"
time="2020-08-17T13:28:52-04:00" level=debug msg="DependencyViolation: The subnet 'subnet-055c403c09aa0e373' has dependencies and cannot be deleted.\n\tstatus code: 400, request id: 7cbcc561-52bf-4654-97e5-b35ffe58a6ad" arn="arn:aws:ec2:us-west-2:057130115370:subnet/subnet-055c403c09aa0e373"
time="2020-08-17T13:28:53-04:00" level=info msg=Deleted NAT gateway=nat-0b17334ef8131ed61 arn="arn:aws:ec2:us-west-2:057130115370:vpc/vpc-02a986b2604c6087a" id=vpc-02a986b2604c6087a
time="2020-08-17T13:28:54-04:00" level=info msg=Deleted NAT gateway=nat-02c0ceb199bc1f86e arn="arn:aws:ec2:us-west-2:057130115370:vpc/vpc-02a986b2604c6087a" id=vpc-02a986b2604c6087a
time="2020-08-17T13:28:54-04:00" level=info msg=Deleted NAT gateway=nat-078f482c8878b1e7c arn="arn:aws:ec2:us-west-2:057130115370:vpc/vpc-02a986b2604c6087a" id=vpc-02a986b2604c6087a
time="2020-08-17T13:28:54-04:00" level=info msg=Deleted NAT gateway=nat-09b43d34cabbed46c arn="arn:aws:ec2:us-west-2:057130115370:vpc/vpc-02a986b2604c6087a" id=vpc-02a986b2604c6087a
time="2020-08-17T13:28:55-04:00" level=info msg=Deleted arn="arn:aws:ec2:us-west-2:057130115370:vpc/vpc-02a986b2604c6087a" id=vpc-02a986b2604c6087a network interface=eni-045c1275da4b59614
time="2020-08-17T13:28:56-04:00" level=debug msg="deleting EC2 network interface eni-02d71e079b2b900da: InvalidParameterValue: Network interface 'eni-02d71e079b2b900da' is currently in use.\n\tstatus code: 400, request id: 6608e779-7926-4c50-8035-247744d6880b" arn="arn:aws:ec2:us-west-2:057130115370:vpc/vpc-02a986b2604c6087a"
time="2020-08-17T13:28:56-04:00" level=debug msg="search for and delete matching resources by tag in us-east-1 matching aws.Filter{\"kubernetes.io/cluster/control-cluster-raffa-9d88p\":\"owned\"}"
time="2020-08-17T13:28:56-04:00" level=debug msg="no deletions from us-east-1, removing client"
time="2020-08-17T13:28:56-04:00" level=debug msg="search for IAM roles"
time="2020-08-17T13:28:56-04:00" level=debug msg="search for IAM users"
time="2020-08-17T13:29:02-04:00" level=debug msg="search for and delete matching resources by tag in us-west-2 matching aws.Filter{\"kubernetes.io/cluster/control-cluster-raffa-9d88p\":\"owned\"}"
time="2020-08-17T13:29:03-04:00" level=debug msg="DependencyViolation: The dhcpOptions 'dopt-07b6b7919a2aced77' has dependencies and cannot be deleted.\n\tstatus code: 400, request id: 0c7dd309-1beb-49f6-ad5b-fac69703ec6b" arn="arn:aws:ec2:us-west-2:057130115370:dhcp-options/dopt-07b6b7919a2aced77"
time="2020-08-17T13:29:04-04:00" level=info msg=Released arn="arn:aws:ec2:us-west-2:057130115370:elastic-ip/eipalloc-0031b33079892731e" id=eipalloc-0031b33079892731e
time="2020-08-17T13:29:04-04:00" level=info msg=Released arn="arn:aws:ec2:us-west-2:057130115370:elastic-ip/eipalloc-0f7e6926e0810ba63" id=eipalloc-0f7e6926e0810ba63
time="2020-08-17T13:29:05-04:00" level=info msg=Released arn="arn:aws:ec2:us-west-2:057130115370:elastic-ip/eipalloc-06e79c01a6353873d" id=eipalloc-06e79c01a6353873d
time="2020-08-17T13:29:05-04:00" level=debug msg=Detached arn="arn:aws:ec2:us-west-2:057130115370:internet-gateway/igw-0910ac20e5335590e" id=igw-0910ac20e5335590e vpc=vpc-02a986b2604c6087a
time="2020-08-17T13:29:05-04:00" level=info msg=Deleted arn="arn:aws:ec2:us-west-2:057130115370:internet-gateway/igw-0910ac20e5335590e" id=igw-0910ac20e5335590e
time="2020-08-17T13:29:06-04:00" level=debug msg="DependencyViolation: The subnet 'subnet-0f4683167bab7b43c' has dependencies and cannot be deleted.\n\tstatus code: 400, request id: d66eb964-791d-43ae-b12f-7204260c104d" arn="arn:aws:ec2:us-west-2:057130115370:subnet/subnet-0f4683167bab7b43c"
time="2020-08-17T13:29:06-04:00" level=info msg=Deleted arn="arn:aws:ec2:us-west-2:057130115370:subnet/subnet-06df9d22b81f4b27f" id=subnet-06df9d22b81f4b27f
time="2020-08-17T13:29:07-04:00" level=info msg=Deleted arn="arn:aws:ec2:us-west-2:057130115370:subnet/subnet-05d31e9d530e61a56" id=subnet-05d31e9d530e61a56
time="2020-08-17T13:29:07-04:00" level=debug msg="DependencyViolation: The subnet 'subnet-01b3ebe0bc5d90cb8' has dependencies and cannot be deleted.\n\tstatus code: 400, request id: f4eec986-2211-4ace-9911-1d4cb1af3cc9" arn="arn:aws:ec2:us-west-2:057130115370:subnet/subnet-01b3ebe0bc5d90cb8"
time="2020-08-17T13:29:08-04:00" level=info msg=Deleted arn="arn:aws:ec2:us-west-2:057130115370:subnet/subnet-094fcfba71f75318f" id=subnet-094fcfba71f75318f
time="2020-08-17T13:29:08-04:00" level=info msg=Deleted arn="arn:aws:ec2:us-west-2:057130115370:subnet/subnet-02043da40fc7b05a4" id=subnet-02043da40fc7b05a4
time="2020-08-17T13:29:08-04:00" level=info msg=Deleted arn="arn:aws:ec2:us-west-2:057130115370:subnet/subnet-055c403c09aa0e373" id=subnet-055c403c09aa0e373
time="2020-08-17T13:29:09-04:00" level=info msg=Deleted NAT gateway=nat-0b17334ef8131ed61 arn="arn:aws:ec2:us-west-2:057130115370:vpc/vpc-02a986b2604c6087a" id=vpc-02a986b2604c6087a
time="2020-08-17T13:29:10-04:00" level=info msg=Deleted NAT gateway=nat-02c0ceb199bc1f86e arn="arn:aws:ec2:us-west-2:057130115370:vpc/vpc-02a986b2604c6087a" id=vpc-02a986b2604c6087a
time="2020-08-17T13:29:10-04:00" level=info msg=Deleted NAT gateway=nat-078f482c8878b1e7c arn="arn:aws:ec2:us-west-2:057130115370:vpc/vpc-02a986b2604c6087a" id=vpc-02a986b2604c6087a
time="2020-08-17T13:29:10-04:00" level=info msg=Deleted NAT gateway=nat-09b43d34cabbed46c arn="arn:aws:ec2:us-west-2:057130115370:vpc/vpc-02a986b2604c6087a" id=vpc-02a986b2604c6087a
time="2020-08-17T13:29:11-04:00" level=debug msg="deleting EC2 network interface eni-0ff9e6ec09808d99f: InvalidParameterValue: Network interface 'eni-0ff9e6ec09808d99f' is currently in use.\n\tstatus code: 400, request id: d6f18f0a-d45e-48b9-ad62-f92e28afc0ac" arn="arn:aws:ec2:us-west-2:057130115370:vpc/vpc-02a986b2604c6087a"
time="2020-08-17T13:29:11-04:00" level=debug msg="search for IAM roles"
time="2020-08-17T13:29:11-04:00" level=debug msg="search for IAM users"
time="2020-08-17T13:29:12-04:00" level=debug msg="search for and delete matching resources by tag in us-west-2 matching aws.Filter{\"kubernetes.io/cluster/control-cluster-raffa-9d88p\":\"owned\"}"
time="2020-08-17T13:29:13-04:00" level=debug msg="DependencyViolation: The dhcpOptions 'dopt-07b6b7919a2aced77' has dependencies and cannot be deleted.\n\tstatus code: 400, request id: 6f5c6940-3470-448a-b506-1ad34247d283" arn="arn:aws:ec2:us-west-2:057130115370:dhcp-options/dopt-07b6b7919a2aced77"
time="2020-08-17T13:29:13-04:00" level=info msg=Deleted arn="arn:aws:ec2:us-west-2:057130115370:subnet/subnet-0f4683167bab7b43c" id=subnet-0f4683167bab7b43c
time="2020-08-17T13:29:14-04:00" level=debug msg="DependencyViolation: The subnet 'subnet-01b3ebe0bc5d90cb8' has dependencies and cannot be deleted.\n\tstatus code: 400, request id: 58eb0572-bfaf-4800-9cd8-72e0eee546c2" arn="arn:aws:ec2:us-west-2:057130115370:subnet/subnet-01b3ebe0bc5d90cb8"
time="2020-08-17T13:29:16-04:00" level=info msg=Deleted NAT gateway=nat-0b17334ef8131ed61 arn="arn:aws:ec2:us-west-2:057130115370:vpc/vpc-02a986b2604c6087a" id=vpc-02a986b2604c6087a
time="2020-08-17T13:29:16-04:00" level=info msg=Deleted NAT gateway=nat-02c0ceb199bc1f86e arn="arn:aws:ec2:us-west-2:057130115370:vpc/vpc-02a986b2604c6087a" id=vpc-02a986b2604c6087a
time="2020-08-17T13:29:16-04:00" level=info msg=Deleted NAT gateway=nat-078f482c8878b1e7c arn="arn:aws:ec2:us-west-2:057130115370:vpc/vpc-02a986b2604c6087a" id=vpc-02a986b2604c6087a
time="2020-08-17T13:29:16-04:00" level=info msg=Deleted NAT gateway=nat-09b43d34cabbed46c arn="arn:aws:ec2:us-west-2:057130115370:vpc/vpc-02a986b2604c6087a" id=vpc-02a986b2604c6087a
time="2020-08-17T13:29:17-04:00" level=debug msg="deleting EC2 network interface eni-0ff9e6ec09808d99f: InvalidParameterValue: Network interface 'eni-0ff9e6ec09808d99f' is currently in use.\n\tstatus code: 400, request id: 66ef02d5-264d-4b16-8e5b-cd51a59f4525" arn="arn:aws:ec2:us-west-2:057130115370:vpc/vpc-02a986b2604c6087a"
time="2020-08-17T13:29:17-04:00" level=debug msg="search for IAM roles"
time="2020-08-17T13:29:17-04:00" level=debug msg="search for IAM users"
time="2020-08-17T13:29:22-04:00" level=debug msg="search for and delete matching resources by tag in us-west-2 matching aws.Filter{\"kubernetes.io/cluster/control-cluster-raffa-9d88p\":\"owned\"}"
time="2020-08-17T13:29:23-04:00" level=debug msg="DependencyViolation: The dhcpOptions 'dopt-07b6b7919a2aced77' has dependencies and cannot be deleted.\n\tstatus code: 400, request id: 6925e97c-8a6f-46e2-9b28-49ef362c703c" arn="arn:aws:ec2:us-west-2:057130115370:dhcp-options/dopt-07b6b7919a2aced77"
time="2020-08-17T13:29:24-04:00" level=info msg=Deleted arn="arn:aws:ec2:us-west-2:057130115370:subnet/subnet-01b3ebe0bc5d90cb8" id=subnet-01b3ebe0bc5d90cb8
time="2020-08-17T13:29:25-04:00" level=info msg=Deleted NAT gateway=nat-0b17334ef8131ed61 arn="arn:aws:ec2:us-west-2:057130115370:vpc/vpc-02a986b2604c6087a" id=vpc-02a986b2604c6087a
time="2020-08-17T13:29:25-04:00" level=info msg=Deleted NAT gateway=nat-02c0ceb199bc1f86e arn="arn:aws:ec2:us-west-2:057130115370:vpc/vpc-02a986b2604c6087a" id=vpc-02a986b2604c6087a
time="2020-08-17T13:29:25-04:00" level=info msg=Deleted NAT gateway=nat-078f482c8878b1e7c arn="arn:aws:ec2:us-west-2:057130115370:vpc/vpc-02a986b2604c6087a" id=vpc-02a986b2604c6087a
time="2020-08-17T13:29:25-04:00" level=info msg=Deleted NAT gateway=nat-09b43d34cabbed46c arn="arn:aws:ec2:us-west-2:057130115370:vpc/vpc-02a986b2604c6087a" id=vpc-02a986b2604c6087a
time="2020-08-17T13:29:26-04:00" level=info msg=Deleted arn="arn:aws:ec2:us-west-2:057130115370:vpc/vpc-02a986b2604c6087a" id=vpc-02a986b2604c6087a table=rtb-0e103daaac80dad03
time="2020-08-17T13:29:26-04:00" level=debug msg="Skipping default security group" arn="arn:aws:ec2:us-west-2:057130115370:vpc/vpc-02a986b2604c6087a" id=vpc-02a986b2604c6087a security group=sg-036ebfa50a8357f7c
time="2020-08-17T13:29:27-04:00" level=info msg=Deleted VPC endpoint=vpce-0c05f14fbaa6e5925 arn="arn:aws:ec2:us-west-2:057130115370:vpc/vpc-02a986b2604c6087a" id=vpc-02a986b2604c6087a
time="2020-08-17T13:29:27-04:00" level=info msg=Deleted arn="arn:aws:ec2:us-west-2:057130115370:vpc/vpc-02a986b2604c6087a" id=vpc-02a986b2604c6087a
time="2020-08-17T13:29:27-04:00" level=debug msg="search for IAM roles"
time="2020-08-17T13:29:28-04:00" level=debug msg="search for IAM users"
time="2020-08-17T13:29:32-04:00" level=debug msg="search for and delete matching resources by tag in us-west-2 matching aws.Filter{\"kubernetes.io/cluster/control-cluster-raffa-9d88p\":\"owned\"}"
time="2020-08-17T13:29:33-04:00" level=info msg=Deleted arn="arn:aws:ec2:us-west-2:057130115370:dhcp-options/dopt-07b6b7919a2aced77" id=dopt-07b6b7919a2aced77
time="2020-08-17T13:29:33-04:00" level=debug msg="search for IAM roles"
time="2020-08-17T13:29:33-04:00" level=debug msg="search for IAM users"
time="2020-08-17T13:29:42-04:00" level=debug msg="search for and delete matching resources by tag in us-west-2 matching aws.Filter{\"kubernetes.io/cluster/control-cluster-raffa-9d88p\":\"owned\"}"
time="2020-08-17T13:29:43-04:00" level=debug msg="no deletions from us-west-2, removing client"
time="2020-08-17T13:29:43-04:00" level=debug msg="search for IAM roles"
time="2020-08-17T13:29:43-04:00" level=debug msg="search for IAM users"
time="2020-08-17T13:29:43-04:00" level=debug msg="search for untaggable resources"
time="2020-08-17T13:29:43-04:00" level=debug msg="Search for and remove tags in us-west-2 matching kubernetes.io/cluster/control-cluster-raffa-9d88p: shared"
time="2020-08-17T13:29:43-04:00" level=debug msg="No matches in us-west-2 for kubernetes.io/cluster/control-cluster-raffa-9d88p: shared, removing client"
time="2020-08-17T13:29:43-04:00" level=debug msg="Search for and remove tags in us-east-1 matching kubernetes.io/cluster/control-cluster-raffa-9d88p: shared"
time="2020-08-17T13:29:43-04:00" level=debug msg="No matches in us-east-1 for kubernetes.io/cluster/control-cluster-raffa-9d88p: shared, removing client"
